<?xml version="1.0" encoding="UTF-8"?>
<!-- Generated by org.testng.reporters.JUnitReportReporter -->
<testsuite hostname="DESKTOP-964MVFM" failures="0" tests="1" name="com.guru99V1.testCases.TC_001_LoginTest" time="15.882" errors="0" timestamp="17 Jun 2024 11:18:17 GMT" skipped="0">
  <testcase classname="com.guru99V1.testCases.TC_001_LoginTest" name="loginTest" time="15.882"/>
</testsuite> <!-- com.guru99V1.testCases.TC_001_LoginTest -->
