<?xml version="1.0" encoding="UTF-8"?>
<!-- Generated by org.testng.reporters.JUnitReportReporter -->
<testsuite hostname="DESKTOP-964MVFM" failures="0" tests="1" name="com.guru99V1.testCases.TC_001_LoginTest" time="13.318" errors="0" timestamp="15 Jun 2024 16:41:54 GMT" skipped="0">
  <testcase classname="com.guru99V1.testCases.TC_001_LoginTest" name="loginTest" time="13.318"/>
</testsuite> <!-- com.guru99V1.testCases.TC_001_LoginTest -->
